<?xml version="1.0" encoding="UTF-8"?>
<!-- Generated by org.testng.reporters.JUnitXMLReporter -->
<testsuite ignored="0" hostname="Siyaram" failures="0" tests="1" name="Test" time="0.088" errors="0" timestamp="30 Oct 2023 16:14:12 GMT">
  <testcase classname="generic_Utility.A_BaseClass" name="@BeforeClass bcConfig" time="0.0">
    <failure type="org.testng.TestNGException" message="
Parameter &amp;apos;browser&amp;apos; is required by BeforeClass on method bcConfig but has not been marked @Optional or defined
in E:\FrameWork October\VTIGER!\testngproduct.xml">
      <![CDATA[org.testng.TestNGException: 
Parameter 'browser' is required by BeforeClass on method bcConfig but has not been marked @Optional or defined
in E:\FrameWork October\VTIGER!\testngproduct.xml
... Removed 23 stack frames]]>
    </failure>
  </testcase> <!-- @BeforeClass bcConfig -->
  <testcase classname="generic_Utility.A_BaseClass" name="@BeforeMethod bmConfig" time="0.0">
    <skipped/>
  </testcase> <!-- @BeforeMethod bmConfig -->
  <testcase classname="generic_Utility.A_BaseClass" name="@AfterMethod amConfig" time="0.0">
    <skipped/>
  </testcase> <!-- @AfterMethod amConfig -->
  <testcase classname="generic_Utility.A_BaseClass" name="@AfterClass acConfig" time="0.0">
    <skipped/>
  </testcase> <!-- @AfterClass acConfig -->
  <testcase classname="product_Module.ToCreateAProductTest" name="toCreateAProductWithVendorInformation" time="0.0">
    <skipped/>
  </testcase> <!-- toCreateAProductWithVendorInformation -->
</testsuite> <!-- Test -->
